C51 COMPILER V9.01   MAIN                                                                  11/13/2019 08:04:02 PAGE 1   


C51 COMPILER V9.01, COMPILATION OF MODULE MAIN
OBJECT MODULE PLACED IN main.OBJ
COMPILER INVOKED BY: e:\Keil\C51\BIN\C51.EXE main.c BROWSE DEBUG OBJECTEXTEND

line level    source

   1           #include "reg52.h"
   2          #include<intrins.h>
   3          #include<config.h>
   4          #include<control.h>
   5          
   6          
   7          
   8           typedef unsigned char u8;
   9           u8 r_buf;
  10          sbit key1=P1^0;
  11          sbit key2=P1^1;
  12          sbit key3=P1^2;
  13          sbit key4=P1^3;
  14          
  15          
  16          
  17          /*void SendOneByte(unsigned char c) //发送字符函数
  18          {
  19              SBUF = c;
  20              while(!TI);
  21              TI = 0;
  22          } */
  23          
  24          
  25          
  26           void main(){
  27   1              
  28   1      
  29   1      InitUART();
  30   1              
  31   1       while(1){
  32   2               if (key1==0){ 
  33   3               
  34   3               forward();
  35   3                
  36   3                }
  37   2               if (key2==0){
  38   3               
  39   3                mo1=0;
  40   3                mo2=0;
  41   3                mo3=0;
  42   3                mo4=0;
  43   3                
  44   3               }
  45   2               if (key3==0){ 
  46   3               
  47   3                mo3=0;
  48   3                mo4=1;
  49   3                
  50   3                }
  51   2               if (key4==0){
  52   3               
  53   3                mo3=1;
  54   3                mo4=0;
  55   3                
C51 COMPILER V9.01   MAIN                                                                  11/13/2019 08:04:02 PAGE 2   

  56   3               }      
  57   2                         
  58   2                 } 
  59   1       }
  60          
  61          
  62          
  63           void UARTInterrupt(void) interrupt 4 //串口接收字符
  64          {
  65   1          if(RI)
  66   1          {
  67   2              RI = 0;
  68   2              //add your code here!
  69   2      r_buf = SBUF;
  70   2      if(r_buf == '0'){
  71   3       stop();
  72   3       }
  73   2       if(r_buf == '1'){
  74   3       forward();
  75   3       }
  76   2        if(r_buf == '2'){
  77   3       back();
  78   3       }
  79   2        if(r_buf == '3'){
  80   3      left();
  81   3       }
  82   2        if(r_buf == '4'){
  83   3       right();
  84   3       }
  85   2      /*switch(r_buf)
  86   2      {
  87   2      case'1': forward(); break; 
  88   2      case'2': back();  break;
  89   2      case'3': left();  break;
  90   2      case'4': right();  break;
  91   2      case'0': stop();  break;
  92   2      }  */
  93   2         //SendOneByte(r_buf);//回发该字符
  94   2         EA = 1;
  95   2          }
  96   1      }


MODULE INFORMATION:   STATIC OVERLAYABLE
   CODE SIZE        =    146    ----
   CONSTANT SIZE    =   ----    ----
   XDATA SIZE       =   ----    ----
   PDATA SIZE       =   ----    ----
   DATA SIZE        =      1    ----
   IDATA SIZE       =   ----    ----
   BIT SIZE         =   ----    ----
END OF MODULE INFORMATION.


C51 COMPILATION COMPLETE.  0 WARNING(S),  0 ERROR(S)
